CRITICAL - 2024-12-26 00:02:17 --> Undefined variable: totalTime
#0 C:\xampp\htdocs\cafein\system\Debug\Toolbar\Views\toolbar.tpl.php(40): CodeIgniter\Debug\Exceptions->errorHandler(8, 'Undefined varia...', 'C:\\xampp\\htdocs...', 40, Array)
#1 C:\xampp\htdocs\cafein\system\Debug\Toolbar.php(497): include('C:\\xampp\\htdocs...')
#2 C:\xampp\htdocs\cafein\system\Debug\Toolbar.php(460): CodeIgniter\Debug\Toolbar->format(Array, 'html')
#3 C:\xampp\htdocs\cafein\app\Config\Events.php(48): CodeIgniter\Debug\Toolbar->respond()
#4 C:\xampp\htdocs\cafein\system\Events\Events.php(149): CodeIgniter\Events\Events::Config\{closure}()
#5 C:\xampp\htdocs\cafein\system\CodeIgniter.php(300): CodeIgniter\Events\Events::trigger('pre_system')
#6 C:\xampp\htdocs\cafein\index.php(37): CodeIgniter\CodeIgniter->run()
#7 {main}
CRITICAL - 2024-12-26 00:03:08 --> Undefined variable: totalTime
#0 C:\xampp\htdocs\cafein\system\Debug\Toolbar\Views\toolbar.tpl.php(40): CodeIgniter\Debug\Exceptions->errorHandler(8, 'Undefined varia...', 'C:\\xampp\\htdocs...', 40, Array)
#1 C:\xampp\htdocs\cafein\system\Debug\Toolbar.php(497): include('C:\\xampp\\htdocs...')
#2 C:\xampp\htdocs\cafein\system\Debug\Toolbar.php(460): CodeIgniter\Debug\Toolbar->format(Array, 'html')
#3 C:\xampp\htdocs\cafein\app\Config\Events.php(48): CodeIgniter\Debug\Toolbar->respond()
#4 C:\xampp\htdocs\cafein\system\Events\Events.php(149): CodeIgniter\Events\Events::Config\{closure}()
#5 C:\xampp\htdocs\cafein\system\CodeIgniter.php(300): CodeIgniter\Events\Events::trigger('pre_system')
#6 C:\xampp\htdocs\cafein\index.php(37): CodeIgniter\CodeIgniter->run()
#7 {main}
CRITICAL - 2024-12-26 04:36:53 --> Undefined variable: totalTime
#0 C:\xampp\htdocs\cafein\system\Debug\Toolbar\Views\toolbar.tpl.php(40): CodeIgniter\Debug\Exceptions->errorHandler(8, 'Undefined varia...', 'C:\\xampp\\htdocs...', 40, Array)
#1 C:\xampp\htdocs\cafein\system\Debug\Toolbar.php(497): include('C:\\xampp\\htdocs...')
#2 C:\xampp\htdocs\cafein\system\Debug\Toolbar.php(460): CodeIgniter\Debug\Toolbar->format(Array, 'html')
#3 C:\xampp\htdocs\cafein\app\Config\Events.php(48): CodeIgniter\Debug\Toolbar->respond()
#4 C:\xampp\htdocs\cafein\system\Events\Events.php(149): CodeIgniter\Events\Events::Config\{closure}()
#5 C:\xampp\htdocs\cafein\system\CodeIgniter.php(300): CodeIgniter\Events\Events::trigger('pre_system')
#6 C:\xampp\htdocs\cafein\index.php(37): CodeIgniter\CodeIgniter->run()
#7 {main}
CRITICAL - 2024-12-26 06:55:21 --> strtolower(): Passing null to parameter #1 ($string) of type string is deprecated
#0 [internal function]: CodeIgniter\Debug\Exceptions->errorHandler(8192, 'strtolower(): P...', 'C:\\xampp\\htdocs...', 253)
#1 C:\xampp\htdocs\cafein\system\Validation\FormatRules.php(253): strtolower(NULL)
#2 C:\xampp\htdocs\cafein\system\HTTP\RequestTrait.php(151): CodeIgniter\Validation\FormatRules->valid_ip('::1')
#3 C:\xampp\htdocs\cafein\system\Config\Services.php(570): CodeIgniter\HTTP\Request->getIPAddress()
#4 C:\xampp\htdocs\cafein\system\Config\BaseService.php(248): CodeIgniter\Config\Services::session(Object(Config\App), false)
#5 C:\xampp\htdocs\cafein\system\Config\BaseService.php(189): CodeIgniter\Config\BaseService::__callStatic('session', Array)
#6 C:\xampp\htdocs\cafein\system\Config\Services.php(563): CodeIgniter\Config\BaseService::getSharedInstance('session', NULL)
#7 C:\xampp\htdocs\cafein\system\Config\BaseService.php(248): CodeIgniter\Config\Services::session()
#8 C:\xampp\htdocs\cafein\system\Common.php(909): CodeIgniter\Config\BaseService::__callStatic('session', Array)
#9 C:\xampp\htdocs\cafein\app\Controllers\Dashboard.php(21): session()
#10 C:\xampp\htdocs\cafein\system\CodeIgniter.php(824): App\Controllers\Dashboard->index()
#11 C:\xampp\htdocs\cafein\system\CodeIgniter.php(410): CodeIgniter\CodeIgniter->runController(Object(App\Controllers\Dashboard))
#12 C:\xampp\htdocs\cafein\system\CodeIgniter.php(318): CodeIgniter\CodeIgniter->handleRequest(NULL, Object(Config\Cache), false)
#13 C:\xampp\htdocs\cafein\public\index.php(37): CodeIgniter\CodeIgniter->run()
#14 C:\xampp\htdocs\cafein\system\Commands\Server\rewrite.php(43): require_once('C:\\xampp\\htdocs...')
#15 {main}
CRITICAL - 2024-12-26 06:55:23 --> strtolower(): Passing null to parameter #1 ($string) of type string is deprecated
#0 [internal function]: CodeIgniter\Debug\Exceptions->errorHandler(8192, 'strtolower(): P...', 'C:\\xampp\\htdocs...', 253)
#1 C:\xampp\htdocs\cafein\system\Validation\FormatRules.php(253): strtolower(NULL)
#2 C:\xampp\htdocs\cafein\system\HTTP\RequestTrait.php(151): CodeIgniter\Validation\FormatRules->valid_ip('::1')
#3 C:\xampp\htdocs\cafein\system\Config\Services.php(570): CodeIgniter\HTTP\Request->getIPAddress()
#4 C:\xampp\htdocs\cafein\system\Config\BaseService.php(248): CodeIgniter\Config\Services::session(Object(Config\App), false)
#5 C:\xampp\htdocs\cafein\system\Config\BaseService.php(189): CodeIgniter\Config\BaseService::__callStatic('session', Array)
#6 C:\xampp\htdocs\cafein\system\Config\Services.php(563): CodeIgniter\Config\BaseService::getSharedInstance('session', NULL)
#7 C:\xampp\htdocs\cafein\system\Config\BaseService.php(248): CodeIgniter\Config\Services::session()
#8 C:\xampp\htdocs\cafein\system\Common.php(909): CodeIgniter\Config\BaseService::__callStatic('session', Array)
#9 C:\xampp\htdocs\cafein\app\Controllers\Dashboard.php(21): session()
#10 C:\xampp\htdocs\cafein\system\CodeIgniter.php(824): App\Controllers\Dashboard->index()
#11 C:\xampp\htdocs\cafein\system\CodeIgniter.php(410): CodeIgniter\CodeIgniter->runController(Object(App\Controllers\Dashboard))
#12 C:\xampp\htdocs\cafein\system\CodeIgniter.php(318): CodeIgniter\CodeIgniter->handleRequest(NULL, Object(Config\Cache), false)
#13 C:\xampp\htdocs\cafein\public\index.php(37): CodeIgniter\CodeIgniter->run()
#14 C:\xampp\htdocs\cafein\system\Commands\Server\rewrite.php(43): require_once('C:\\xampp\\htdocs...')
#15 {main}
CRITICAL - 2024-12-26 07:42:05 --> Undefined variable: totalTime
#0 C:\xampp\htdocs\cafein\system\Debug\Toolbar\Views\toolbar.tpl.php(40): CodeIgniter\Debug\Exceptions->errorHandler(8, 'Undefined varia...', 'C:\\xampp\\htdocs...', 40, Array)
#1 C:\xampp\htdocs\cafein\system\Debug\Toolbar.php(497): include('C:\\xampp\\htdocs...')
#2 C:\xampp\htdocs\cafein\system\Debug\Toolbar.php(460): CodeIgniter\Debug\Toolbar->format(Array, 'html')
#3 C:\xampp\htdocs\cafein\app\Config\Events.php(48): CodeIgniter\Debug\Toolbar->respond()
#4 C:\xampp\htdocs\cafein\system\Events\Events.php(149): CodeIgniter\Events\Events::Config\{closure}()
#5 C:\xampp\htdocs\cafein\system\CodeIgniter.php(300): CodeIgniter\Events\Events::trigger('pre_system')
#6 C:\xampp\htdocs\cafein\index.php(37): CodeIgniter\CodeIgniter->run()
#7 {main}
CRITICAL - 2024-12-26 07:45:15 --> Undefined variable: totalTime
#0 C:\xampp\htdocs\cafein\system\Debug\Toolbar\Views\toolbar.tpl.php(40): CodeIgniter\Debug\Exceptions->errorHandler(8, 'Undefined varia...', 'C:\\xampp\\htdocs...', 40, Array)
#1 C:\xampp\htdocs\cafein\system\Debug\Toolbar.php(497): include('C:\\xampp\\htdocs...')
#2 C:\xampp\htdocs\cafein\system\Debug\Toolbar.php(460): CodeIgniter\Debug\Toolbar->format(Array, 'html')
#3 C:\xampp\htdocs\cafein\app\Config\Events.php(48): CodeIgniter\Debug\Toolbar->respond()
#4 C:\xampp\htdocs\cafein\system\Events\Events.php(149): CodeIgniter\Events\Events::Config\{closure}()
#5 C:\xampp\htdocs\cafein\system\CodeIgniter.php(300): CodeIgniter\Events\Events::trigger('pre_system')
#6 C:\xampp\htdocs\cafein\index.php(37): CodeIgniter\CodeIgniter->run()
#7 {main}
CRITICAL - 2024-12-26 08:00:19 --> Undefined variable: totalTime
#0 C:\xampp\htdocs\cafein\system\Debug\Toolbar\Views\toolbar.tpl.php(40): CodeIgniter\Debug\Exceptions->errorHandler(8, 'Undefined varia...', 'C:\\xampp\\htdocs...', 40, Array)
#1 C:\xampp\htdocs\cafein\system\Debug\Toolbar.php(497): include('C:\\xampp\\htdocs...')
#2 C:\xampp\htdocs\cafein\system\Debug\Toolbar.php(460): CodeIgniter\Debug\Toolbar->format(Array, 'html')
#3 C:\xampp\htdocs\cafein\app\Config\Events.php(48): CodeIgniter\Debug\Toolbar->respond()
#4 C:\xampp\htdocs\cafein\system\Events\Events.php(149): CodeIgniter\Events\Events::Config\{closure}()
#5 C:\xampp\htdocs\cafein\system\CodeIgniter.php(300): CodeIgniter\Events\Events::trigger('pre_system')
#6 C:\xampp\htdocs\cafein\index.php(37): CodeIgniter\CodeIgniter->run()
#7 {main}
CRITICAL - 2024-12-26 08:20:27 --> Undefined variable: totalTime
#0 C:\xampp\htdocs\cafein\system\Debug\Toolbar\Views\toolbar.tpl.php(40): CodeIgniter\Debug\Exceptions->errorHandler(8, 'Undefined varia...', 'C:\\xampp\\htdocs...', 40, Array)
#1 C:\xampp\htdocs\cafein\system\Debug\Toolbar.php(497): include('C:\\xampp\\htdocs...')
#2 C:\xampp\htdocs\cafein\system\Debug\Toolbar.php(460): CodeIgniter\Debug\Toolbar->format(Array, 'html')
#3 C:\xampp\htdocs\cafein\app\Config\Events.php(48): CodeIgniter\Debug\Toolbar->respond()
#4 C:\xampp\htdocs\cafein\system\Events\Events.php(149): CodeIgniter\Events\Events::Config\{closure}()
#5 C:\xampp\htdocs\cafein\system\CodeIgniter.php(300): CodeIgniter\Events\Events::trigger('pre_system')
#6 C:\xampp\htdocs\cafein\index.php(37): CodeIgniter\CodeIgniter->run()
#7 {main}
CRITICAL - 2024-12-26 08:33:57 --> Undefined variable: totalTime
#0 C:\xampp\htdocs\cafein\system\Debug\Toolbar\Views\toolbar.tpl.php(40): CodeIgniter\Debug\Exceptions->errorHandler(8, 'Undefined varia...', 'C:\\xampp\\htdocs...', 40, Array)
#1 C:\xampp\htdocs\cafein\system\Debug\Toolbar.php(497): include('C:\\xampp\\htdocs...')
#2 C:\xampp\htdocs\cafein\system\Debug\Toolbar.php(460): CodeIgniter\Debug\Toolbar->format(Array, 'html')
#3 C:\xampp\htdocs\cafein\app\Config\Events.php(48): CodeIgniter\Debug\Toolbar->respond()
#4 C:\xampp\htdocs\cafein\system\Events\Events.php(149): CodeIgniter\Events\Events::Config\{closure}()
#5 C:\xampp\htdocs\cafein\system\CodeIgniter.php(300): CodeIgniter\Events\Events::trigger('pre_system')
#6 C:\xampp\htdocs\cafein\index.php(37): CodeIgniter\CodeIgniter->run()
#7 {main}
CRITICAL - 2024-12-26 08:55:11 --> Undefined variable: totalTime
#0 C:\xampp\htdocs\cafein\system\Debug\Toolbar\Views\toolbar.tpl.php(40): CodeIgniter\Debug\Exceptions->errorHandler(8, 'Undefined varia...', 'C:\\xampp\\htdocs...', 40, Array)
#1 C:\xampp\htdocs\cafein\system\Debug\Toolbar.php(497): include('C:\\xampp\\htdocs...')
#2 C:\xampp\htdocs\cafein\system\Debug\Toolbar.php(460): CodeIgniter\Debug\Toolbar->format(Array, 'html')
#3 C:\xampp\htdocs\cafein\app\Config\Events.php(48): CodeIgniter\Debug\Toolbar->respond()
#4 C:\xampp\htdocs\cafein\system\Events\Events.php(149): CodeIgniter\Events\Events::Config\{closure}()
#5 C:\xampp\htdocs\cafein\system\CodeIgniter.php(300): CodeIgniter\Events\Events::trigger('pre_system')
#6 C:\xampp\htdocs\cafein\index.php(37): CodeIgniter\CodeIgniter->run()
#7 {main}
CRITICAL - 2024-12-26 09:30:30 --> strtolower(): Passing null to parameter #1 ($string) of type string is deprecated
#0 [internal function]: CodeIgniter\Debug\Exceptions->errorHandler(8192, 'strtolower(): P...', 'C:\\xampp\\htdocs...', 253)
#1 C:\xampp\htdocs\cafein\system\Validation\FormatRules.php(253): strtolower(NULL)
#2 C:\xampp\htdocs\cafein\system\HTTP\RequestTrait.php(151): CodeIgniter\Validation\FormatRules->valid_ip('::1')
#3 C:\xampp\htdocs\cafein\system\Config\Services.php(570): CodeIgniter\HTTP\Request->getIPAddress()
#4 C:\xampp\htdocs\cafein\system\Config\BaseService.php(248): CodeIgniter\Config\Services::session(Object(Config\App), false)
#5 C:\xampp\htdocs\cafein\system\Config\BaseService.php(189): CodeIgniter\Config\BaseService::__callStatic('session', Array)
#6 C:\xampp\htdocs\cafein\system\Config\Services.php(563): CodeIgniter\Config\BaseService::getSharedInstance('session', NULL)
#7 C:\xampp\htdocs\cafein\system\Config\BaseService.php(248): CodeIgniter\Config\Services::session()
#8 C:\xampp\htdocs\cafein\system\Common.php(909): CodeIgniter\Config\BaseService::__callStatic('session', Array)
#9 C:\xampp\htdocs\cafein\app\Controllers\Dashboard.php(21): session()
#10 C:\xampp\htdocs\cafein\system\CodeIgniter.php(824): App\Controllers\Dashboard->index()
#11 C:\xampp\htdocs\cafein\system\CodeIgniter.php(410): CodeIgniter\CodeIgniter->runController(Object(App\Controllers\Dashboard))
#12 C:\xampp\htdocs\cafein\system\CodeIgniter.php(318): CodeIgniter\CodeIgniter->handleRequest(NULL, Object(Config\Cache), false)
#13 C:\xampp\htdocs\cafein\public\index.php(37): CodeIgniter\CodeIgniter->run()
#14 C:\xampp\htdocs\cafein\system\Commands\Server\rewrite.php(43): require_once('C:\\xampp\\htdocs...')
#15 {main}
CRITICAL - 2024-12-26 09:30:31 --> strtolower(): Passing null to parameter #1 ($string) of type string is deprecated
#0 [internal function]: CodeIgniter\Debug\Exceptions->errorHandler(8192, 'strtolower(): P...', 'C:\\xampp\\htdocs...', 253)
#1 C:\xampp\htdocs\cafein\system\Validation\FormatRules.php(253): strtolower(NULL)
#2 C:\xampp\htdocs\cafein\system\HTTP\RequestTrait.php(151): CodeIgniter\Validation\FormatRules->valid_ip('::1')
#3 C:\xampp\htdocs\cafein\system\Config\Services.php(570): CodeIgniter\HTTP\Request->getIPAddress()
#4 C:\xampp\htdocs\cafein\system\Config\BaseService.php(248): CodeIgniter\Config\Services::session(Object(Config\App), false)
#5 C:\xampp\htdocs\cafein\system\Config\BaseService.php(189): CodeIgniter\Config\BaseService::__callStatic('session', Array)
#6 C:\xampp\htdocs\cafein\system\Config\Services.php(563): CodeIgniter\Config\BaseService::getSharedInstance('session', NULL)
#7 C:\xampp\htdocs\cafein\system\Config\BaseService.php(248): CodeIgniter\Config\Services::session()
#8 C:\xampp\htdocs\cafein\system\Common.php(909): CodeIgniter\Config\BaseService::__callStatic('session', Array)
#9 C:\xampp\htdocs\cafein\app\Controllers\Dashboard.php(21): session()
#10 C:\xampp\htdocs\cafein\system\CodeIgniter.php(824): App\Controllers\Dashboard->index()
#11 C:\xampp\htdocs\cafein\system\CodeIgniter.php(410): CodeIgniter\CodeIgniter->runController(Object(App\Controllers\Dashboard))
#12 C:\xampp\htdocs\cafein\system\CodeIgniter.php(318): CodeIgniter\CodeIgniter->handleRequest(NULL, Object(Config\Cache), false)
#13 C:\xampp\htdocs\cafein\public\index.php(37): CodeIgniter\CodeIgniter->run()
#14 C:\xampp\htdocs\cafein\system\Commands\Server\rewrite.php(43): require_once('C:\\xampp\\htdocs...')
#15 {main}
